# JRE version: OpenJDK Runtime Environment (8.0) (build 1.8.0-internal-root_2016_11_18_11_49-b00)
# Java VM: OpenJDK 64-Bit Server VM (25.71-b00 mixed mode linux-amd64 compressed oops)
Heap:
 PSYoungGen      total 35840K, used 7956K [0x00000000fd580000, 0x0000000100000000, 0x0000000100000000)
  eden space 29184K, 9% used [0x00000000fd580000,0x00000000fd82dee8,0x00000000ff200000)
  from space 6656K, 78% used [0x00000000ff980000,0x00000000ffe97480,0x0000000100000000)
  to   space 7168K, 0% used [0x00000000ff200000,0x00000000ff200000,0x00000000ff900000)
 ParOldGen       total 87552K, used 48128K [0x00000000f8000000, 0x00000000fd580000, 0x00000000fd580000)
  object space 87552K, 54% used [0x00000000f8000000,0x00000000faf00080,0x00000000fd580000)
 Metaspace       used 116153K, capacity 119694K, committed 121256K, reserved 1157120K
  class space    used 12548K, capacity 13190K, committed 13480K, reserved 1048576K
GC Heap History (10 events):
Event: 282510.261 GC heap before
{Heap before GC invocations=301 (full 4):
 PSYoungGen      total 36864K, used 33205K [0x00000000fd580000, 0x00000000fff80000, 0x0000000100000000)
  eden space 30720K, 100% used [0x00000000fd580000,0x00000000ff380000,0x00000000ff380000)
  from space 6144K, 40% used [0x00000000ff980000,0x00000000ffbed558,0x00000000fff80000)
  to   space 6144K, 0% used [0x00000000ff380000,0x00000000ff380000,0x00000000ff980000)
 ParOldGen       total 87552K, used 86036K [0x00000000f8000000, 0x00000000fd580000, 0x00000000fd580000)
  object space 87552K, 98% used [0x00000000f8000000,0x00000000fd405160,0x00000000fd580000)
 Metaspace       used 116947K, capacity 121130K, committed 121256K, reserved 1157120K
  class space    used 12659K, capacity 13398K, committed 13480K, reserved 1048576K
Event: 282510.266 GC heap after
Heap after GC invocations=301 (full 4):
 PSYoungGen      total 36864K, used 4864K [0x00000000fd580000, 0x0000000100000000, 0x0000000100000000)
  eden space 30720K, 0% used [0x00000000fd580000,0x00000000fd580000,0x00000000ff380000)
  from space 6144K, 79% used [0x00000000ff380000,0x00000000ff8402b0,0x00000000ff980000)
  to   space 6656K, 0% used [0x00000000ff980000,0x00000000ff980000,0x0000000100000000)
 ParOldGen       total 87552K, used 87023K [0x00000000f8000000, 0x00000000fd580000, 0x00000000fd580000)
  object space 87552K, 99% used [0x00000000f8000000,0x00000000fd4fbf90,0x00000000fd580000)
 Metaspace       used 116947K, capacity 121130K, committed 121256K, reserved 1157120K
  class space    used 12659K, capacity 13398K, committed 13480K, reserved 1048576K
}
Event: 282510.266 GC heap before
{Heap before GC invocations=302 (full 5):
 PSYoungGen      total 36864K, used 4864K [0x00000000fd580000, 0x0000000100000000, 0x0000000100000000)
  eden space 30720K, 0% used [0x00000000fd580000,0x00000000fd580000,0x00000000ff380000)
  from space 6144K, 79% used [0x00000000ff380000,0x00000000ff8402b0,0x00000000ff980000)
  to   space 6656K, 0% used [0x00000000ff980000,0x00000000ff980000,0x0000000100000000)
 ParOldGen       total 87552K, used 87023K [0x00000000f8000000, 0x00000000fd580000, 0x00000000fd580000)
  object space 87552K, 99% used [0x00000000f8000000,0x00000000fd4fbf90,0x00000000fd580000)
 Metaspace       used 116947K, capacity 121130K, committed 121256K, reserved 1157120K
  class space    used 12659K, capacity 13398K, committed 13480K, reserved 1048576K
Event: 282510.381 GC heap after
Heap after GC invocations=302 (full 5):
 PSYoungGen      total 36864K, used 0K [0x00000000fd580000, 0x0000000100000000, 0x0000000100000000)
  eden space 30720K, 0% used [0x00000000fd580000,0x00000000fd580000,0x00000000ff380000)
  from space 6144K, 0% used [0x00000000ff380000,0x00000000ff380000,0x00000000ff980000)
  to   space 6656K, 0% used [0x00000000ff980000,0x00000000ff980000,0x0000000100000000)
 ParOldGen       total 87552K, used 47458K [0x00000000f8000000, 0x00000000fd580000, 0x00000000fd580000)
  object space 87552K, 54% used [0x00000000f8000000,0x00000000fae58b68,0x00000000fd580000)
 Metaspace       used 116153K, capacity 119694K, committed 121256K, reserved 1157120K
  class space    used 12548K, capacity 13190K, committed 13480K, reserved 1048576K
}
Event: 282510.420 GC heap before
{Heap before GC invocations=303 (full 5):
 PSYoungGen      total 36864K, used 30720K [0x00000000fd580000, 0x0000000100000000, 0x0000000100000000)
  eden space 30720K, 100% used [0x00000000fd580000,0x00000000ff380000,0x00000000ff380000)
  from space 6144K, 0% used [0x00000000ff380000,0x00000000ff380000,0x00000000ff980000)
  to   space 6656K, 0% used [0x00000000ff980000,0x00000000ff980000,0x0000000100000000)
 ParOldGen       total 87552K, used 47458K [0x00000000f8000000, 0x00000000fd580000, 0x00000000fd580000)
  object space 87552K, 54% used [0x00000000f8000000,0x00000000fae58b68,0x00000000fd580000)
 Metaspace       used 116153K, capacity 119694K, committed 121256K, reserved 1157120K
  class space    used 12548K, capacity 13190K, committed 13480K, reserved 1048576K
Event: 282510.424 GC heap after
Heap after GC invocations=303 (full 5):
 PSYoungGen      total 36864K, used 3550K [0x00000000fd580000, 0x0000000100000000, 0x0000000100000000)
  eden space 30208K, 0% used [0x00000000fd580000,0x00000000fd580000,0x00000000ff300000)
  from space 6656K, 53% used [0x00000000ff980000,0x00000000ffcf7950,0x0000000100000000)
  to   space 6656K, 0% used [0x00000000ff300000,0x00000000ff300000,0x00000000ff980000)
 ParOldGen       total 87552K, used 47458K [0x00000000f8000000, 0x00000000fd580000, 0x00000000fd580000)
  object space 87552K, 54% used [0x00000000f8000000,0x00000000fae58b68,0x00000000fd580000)
 Metaspace       used 116153K, capacity 119694K, committed 121256K, reserved 1157120K
  class space    used 12548K, capacity 13190K, committed 13480K, reserved 1048576K
}
Event: 282510.458 GC heap before
{Heap before GC invocations=304 (full 5):
 PSYoungGen      total 36864K, used 33758K [0x00000000fd580000, 0x0000000100000000, 0x0000000100000000)
  eden space 30208K, 100% used [0x00000000fd580000,0x00000000ff300000,0x00000000ff300000)
  from space 6656K, 53% used [0x00000000ff980000,0x00000000ffcf7950,0x0000000100000000)
  to   space 6656K, 0% used [0x00000000ff300000,0x00000000ff300000,0x00000000ff980000)
 ParOldGen       total 87552K, used 47458K [0x00000000f8000000, 0x00000000fd580000, 0x00000000fd580000)
  object space 87552K, 54% used [0x00000000f8000000,0x00000000fae58b68,0x00000000fd580000)
 Metaspace       used 116153K, capacity 119694K, committed 121256K, reserved 1157120K
  class space    used 12548K, capacity 13190K, committed 13480K, reserved 1048576K
Event: 282510.461 GC heap after
Heap after GC invocations=304 (full 5):
 PSYoungGen      total 36864K, used 4384K [0x00000000fd580000, 0x0000000100000000, 0x0000000100000000)
  eden space 30208K, 0% used [0x00000000fd580000,0x00000000fd580000,0x00000000ff300000)
  from space 6656K, 65% used [0x00000000ff300000,0x00000000ff748200,0x00000000ff980000)
  to   space 6656K, 0% used [0x00000000ff980000,0x00000000ff980000,0x0000000100000000)
 ParOldGen       total 87552K, used 47786K [0x00000000f8000000, 0x00000000fd580000, 0x00000000fd580000)
  object space 87552K, 54% used [0x00000000f8000000,0x00000000faeaab78,0x00000000fd580000)
 Metaspace       used 116153K, capacity 119694K, committed 121256K, reserved 1157120K
  class space    used 12548K, capacity 13190K, committed 13480K, reserved 1048576K
}
Event: 282510.493 GC heap before
{Heap before GC invocations=305 (full 5):
 PSYoungGen      total 36864K, used 34592K [0x00000000fd580000, 0x0000000100000000, 0x0000000100000000)
  eden space 30208K, 100% used [0x00000000fd580000,0x00000000ff300000,0x00000000ff300000)
  from space 6656K, 65% used [0x00000000ff300000,0x00000000ff748200,0x00000000ff980000)
  to   space 6656K, 0% used [0x00000000ff980000,0x00000000ff980000,0x0000000100000000)
 ParOldGen       total 87552K, used 47786K [0x00000000f8000000, 0x00000000fd580000, 0x00000000fd580000)
  object space 87552K, 54% used [0x00000000f8000000,0x00000000faeaab78,0x00000000fd580000)
 Metaspace       used 116153K, capacity 119694K, committed 121256K, reserved 1157120K
  class space    used 12548K, capacity 13190K, committed 13480K, reserved 1048576K
Event: 282510.497 GC heap after
Heap after GC invocations=305 (full 5):
 PSYoungGen      total 35840K, used 5213K [0x00000000fd580000, 0x0000000100000000, 0x0000000100000000)
  eden space 29184K, 0% used [0x00000000fd580000,0x00000000fd580000,0x00000000ff200000)
  from space 6656K, 78% used [0x00000000ff980000,0x00000000ffe97480,0x0000000100000000)
  to   space 7168K, 0% used [0x00000000ff200000,0x00000000ff200000,0x00000000ff900000)
 ParOldGen       total 87552K, used 48128K [0x00000000f8000000, 0x00000000fd580000, 0x00000000fd580000)
  object space 87552K, 54% used [0x00000000f8000000,0x00000000faf00080,0x00000000fd580000)
 Metaspace       used 116153K, capacity 119694K, committed 121256K, reserved 1157120K
  class space    used 12548K, capacity 13190K, committed 13480K, reserved 1048576K
}

